2024-02-07 23:50:02.173 worker_log:574 3147873 MainThread [INFO]  Worker 1 started
2024-02-07 23:50:02.173 worker_log:622 3147873 MainThread [INFO]  Set worker CPU affinity to [128, 129, 130, 131, 132, 133, 134, 135, 136, 137, 138, 139, 140, 141, 142, 143, 144, 145, 146, 147, 148, 149, 150, 151, 152, 153, 154, 155, 156, 157, 158, 159, 160, 161, 162, 163, 164, 165, 166, 167, 168, 169, 170, 171, 172, 173, 174, 175, 176, 177, 178, 179, 180, 181, 182, 183, 184, 185, 186, 187, 188, 189, 190, 191, 192, 193, 194, 195, 196, 197, 198, 199, 200, 201, 202, 203, 204, 205, 206, 207, 208, 209, 210, 211, 212, 213, 214, 215, 216, 217, 218, 219, 220, 221, 222, 223, 224, 225, 226, 227, 228, 229, 230, 231, 232, 233, 234, 235, 236, 237, 238, 239, 240, 241, 242, 243, 244, 245, 246, 247, 248, 249, 250, 251, 252, 253, 254, 255]
2024-02-07 23:50:02.173 worker_log:631 3147873 MainThread [INFO]  Pinned worker to accelerator: 1
2024-02-07 23:50:02.174 worker_log:659 3147873 MainThread [INFO]  Received executor task 1
2024-02-07 23:50:15.847 worker_log:675 3147873 MainThread [INFO]  Completed executor task 1
2024-02-07 23:50:15.848 worker_log:686 3147873 MainThread [INFO]  All processing finished for executor task 1
2024-02-07 23:50:15.859 worker_log:659 3147873 MainThread [INFO]  Received executor task 3
2024-02-07 23:50:22.448 worker_log:675 3147873 MainThread [INFO]  Completed executor task 3
2024-02-07 23:50:22.449 worker_log:686 3147873 MainThread [INFO]  All processing finished for executor task 3
2024-02-07 23:50:22.459 worker_log:659 3147873 MainThread [INFO]  Received executor task 4
2024-02-07 23:50:30.036 worker_log:675 3147873 MainThread [INFO]  Completed executor task 4
2024-02-07 23:50:30.036 worker_log:686 3147873 MainThread [INFO]  All processing finished for executor task 4
2024-02-07 23:50:30.047 worker_log:659 3147873 MainThread [INFO]  Received executor task 6
2024-02-07 23:50:36.155 worker_log:675 3147873 MainThread [INFO]  Completed executor task 6
2024-02-07 23:50:36.155 worker_log:686 3147873 MainThread [INFO]  All processing finished for executor task 6
2024-02-07 23:50:36.166 worker_log:659 3147873 MainThread [INFO]  Received executor task 7
2024-02-07 23:50:40.979 worker_log:675 3147873 MainThread [INFO]  Completed executor task 7
2024-02-07 23:50:40.979 worker_log:686 3147873 MainThread [INFO]  All processing finished for executor task 7
2024-02-07 23:50:40.990 worker_log:659 3147873 MainThread [INFO]  Received executor task 9
2024-02-07 23:50:45.161 worker_log:675 3147873 MainThread [INFO]  Completed executor task 9
2024-02-07 23:50:45.161 worker_log:686 3147873 MainThread [INFO]  All processing finished for executor task 9
