2024-03-16 12:06:08.120 worker_log:574 312136 MainThread [INFO]  Worker 0 started
2024-03-16 12:06:08.122 worker_log:622 312136 MainThread [INFO]  Set worker CPU affinity to [0, 1, 2, 3, 4, 5, 6, 7, 8, 9, 10, 11, 12, 13, 14, 15, 16, 17, 18, 19, 20, 21, 22, 23, 24, 25, 26, 27, 28, 29, 30, 31, 32, 33, 34, 35, 36, 37, 38, 39]
2024-03-16 12:06:08.122 worker_log:631 312136 MainThread [INFO]  Pinned worker to accelerator: 0
2024-03-16 12:06:08.123 worker_log:659 312136 MainThread [INFO]  Received executor task 1
2024-03-16 12:06:21.955 worker_log:675 312136 MainThread [INFO]  Completed executor task 1
2024-03-16 12:06:21.956 worker_log:686 312136 MainThread [INFO]  All processing finished for executor task 1
2024-03-16 12:06:21.970 worker_log:659 312136 MainThread [INFO]  Received executor task 3
2024-03-16 12:06:28.584 worker_log:675 312136 MainThread [INFO]  Completed executor task 3
2024-03-16 12:06:28.585 worker_log:686 312136 MainThread [INFO]  All processing finished for executor task 3
2024-03-16 12:06:28.596 worker_log:659 312136 MainThread [INFO]  Received executor task 6
2024-03-16 12:06:35.329 worker_log:675 312136 MainThread [INFO]  Completed executor task 6
2024-03-16 12:06:35.330 worker_log:686 312136 MainThread [INFO]  All processing finished for executor task 6
2024-03-16 12:06:35.341 worker_log:659 312136 MainThread [INFO]  Received executor task 8
2024-03-16 12:06:41.597 worker_log:675 312136 MainThread [INFO]  Completed executor task 8
2024-03-16 12:06:41.598 worker_log:686 312136 MainThread [INFO]  All processing finished for executor task 8
2024-03-16 12:06:41.609 worker_log:659 312136 MainThread [INFO]  Received executor task 9
2024-03-16 12:06:47.866 worker_log:675 312136 MainThread [INFO]  Completed executor task 9
2024-03-16 12:06:47.867 worker_log:686 312136 MainThread [INFO]  All processing finished for executor task 9
2024-03-16 12:06:47.878 worker_log:659 312136 MainThread [INFO]  Received executor task 11
2024-03-16 12:06:54.215 worker_log:675 312136 MainThread [INFO]  Completed executor task 11
2024-03-16 12:06:54.216 worker_log:686 312136 MainThread [INFO]  All processing finished for executor task 11
2024-03-16 12:06:54.217 worker_log:659 312136 MainThread [INFO]  Received executor task 13
2024-03-16 12:07:01.009 worker_log:675 312136 MainThread [INFO]  Completed executor task 13
2024-03-16 12:07:01.010 worker_log:686 312136 MainThread [INFO]  All processing finished for executor task 13
2024-03-16 12:07:01.027 worker_log:659 312136 MainThread [INFO]  Received executor task 15
2024-03-16 12:07:07.425 worker_log:675 312136 MainThread [INFO]  Completed executor task 15
2024-03-16 12:07:07.425 worker_log:686 312136 MainThread [INFO]  All processing finished for executor task 15
2024-03-16 12:07:07.437 worker_log:659 312136 MainThread [INFO]  Received executor task 18
2024-03-16 12:07:13.721 worker_log:675 312136 MainThread [INFO]  Completed executor task 18
2024-03-16 12:07:13.722 worker_log:686 312136 MainThread [INFO]  All processing finished for executor task 18
