1707371401.152085 2024-02-07 23:50:01 MainProcess-3147734 MainThread-140167926452608 parsl.dataflow.dflow:91 __init__ INFO: Starting DataFlowKernel with config
Config(
    app_cache=True, 
    checkpoint_files=None, 
    checkpoint_mode=None, 
    checkpoint_period=None, 
    executors=(HighThroughputExecutor(
        address='140.221.79.201', 
        address_probe_timeout=None, 
        available_accelerators=['0', '1'], 
        block_error_handler=<function simple_error_handler at 0x7f7a1dd0c160>, 
        cores_per_worker=1.0, 
        cpu_affinity='block', 
        heartbeat_period=30, 
        heartbeat_threshold=120, 
        interchange_port_range=(55000, 56000), 
        label='htex', 
        launch_cmd='process_worker_pool.py {debug} {max_workers} -a {addresses} -p {prefetch_capacity} -c {cores_per_worker} -m {mem_per_worker} --poll {poll_period} --task_port={task_port} --result_port={result_port} --logdir={logdir} --block_id={{block_id}} --hb_period={heartbeat_period} {address_probe_timeout_string} --hb_threshold={heartbeat_threshold} --cpu-affinity {cpu_affinity} --available-accelerators {accelerators}', 
        max_workers=inf, 
        mem_per_worker=None, 
        poll_period=10, 
        prefetch_capacity=0, 
        provider=LocalProvider(
            channel=LocalChannel(
                envs={}, 
                script_dir=None, 
                userhome='/rbstor/abrace/src/ESM_BindAlign'
            ), 
            cmd_timeout=30, 
            init_blocks=1, 
            launcher=SingleNodeLauncher(debug=True, fail_on_any=False), 
            max_blocks=1, 
            min_blocks=0, 
            move_files=None, 
            nodes_per_block=1, 
            parallelism=1, 
            worker_init=''
        ), 
        storage_access=None, 
        worker_debug=False, 
        worker_logdir_root=None, 
        worker_port_range=(10000, 20000), 
        worker_ports=None, 
        working_dir=None
    ),), 
    garbage_collect=True, 
    initialize_logging=True, 
    internal_tasks_max_threads=10, 
    max_idletime=120.0, 
    monitoring=None, 
    retries=1, 
    retry_handler=None, 
    run_dir='dataset/smi_embeddings/parsl', 
    strategy='simple', 
    usage_tracking=False
)
1707371401.152319 2024-02-07 23:50:01 MainProcess-3147734 MainThread-140167926452608 parsl.dataflow.dflow:93 __init__ INFO: Parsl version: 2024.01.29
1707371401.152431 2024-02-07 23:50:01 MainProcess-3147734 MainThread-140167926452608 parsl.usage_tracking.usage:127 __init__ DEBUG: Tracking status: False
1707371401.152561 2024-02-07 23:50:01 MainProcess-3147734 MainThread-140167926452608 parsl.dataflow.dflow:121 __init__ INFO: Run id is: 54a3037e-0d54-4531-a3b5-4446a1be443c
1707371401.233425 2024-02-07 23:50:01 MainProcess-3147734 MainThread-140167926452608 parsl.dataflow.dflow:128 __init__ DEBUG: Considering candidate for workflow name: /rbstor/abrace/.conda/envs/genslm-esm/lib/python3.10/site-packages/parsl/dataflow/dflow.py
1707371401.233472 2024-02-07 23:50:01 MainProcess-3147734 MainThread-140167926452608 parsl.dataflow.dflow:128 __init__ DEBUG: Considering candidate for workflow name: /rbstor/abrace/.conda/envs/genslm-esm/lib/python3.10/site-packages/typeguard/__init__.py
1707371401.233497 2024-02-07 23:50:01 MainProcess-3147734 MainThread-140167926452608 parsl.dataflow.dflow:128 __init__ DEBUG: Considering candidate for workflow name: /rbstor/abrace/.conda/envs/genslm-esm/lib/python3.10/site-packages/parsl/concurrent/__init__.py
1707371401.233517 2024-02-07 23:50:01 MainProcess-3147734 MainThread-140167926452608 parsl.dataflow.dflow:128 __init__ DEBUG: Considering candidate for workflow name: /rbstor/abrace/src/protein_search/protein_search/distributed_inference.py
1707371401.233538 2024-02-07 23:50:01 MainProcess-3147734 MainThread-140167926452608 parsl.dataflow.dflow:134 __init__ DEBUG: Using distributed_inference.py as workflow name
1707371401.233662 2024-02-07 23:50:01 MainProcess-3147734 MainThread-140167926452608 parsl.dataflow.memoization:163 __init__ INFO: App caching initialized
1707371401.233717 2024-02-07 23:50:01 MainProcess-3147734 MainThread-140167926452608 parsl.jobs.strategy:143 __init__ DEBUG: Scaling strategy: simple
1707371401.238491 2024-02-07 23:50:01 MainProcess-3147734 MainThread-140167926452608 parsl.executors.high_throughput.executor:475 _start_queue_management_thread DEBUG: Starting queue management thread
1707371401.238709 2024-02-07 23:50:01 MainProcess-3147734 HTEX-Queue-Management-Thread-140162264708864 parsl.executors.high_throughput.executor:365 _queue_management_worker DEBUG: Queue management worker starting
1707371401.238756 2024-02-07 23:50:01 MainProcess-3147734 MainThread-140167926452608 parsl.executors.high_throughput.executor:479 _start_queue_management_thread DEBUG: Started queue management thread
1707371401.238790 2024-02-07 23:50:01 MainProcess-3147734 HTEX-Queue-Management-Thread-140162264708864 parsl.executors.high_throughput.zmq_pipes:156 get DEBUG: Waiting for ResultsIncoming message
1707371401.287014 2024-02-07 23:50:01 MainProcess-3147734 MainThread-140167926452608 parsl.executors.high_throughput.executor:338 start DEBUG: Created management thread: <Thread(HTEX-Queue-Management-Thread, started daemon 140162264708864)>
1707371401.287242 2024-02-07 23:50:01 MainProcess-3147734 MainThread-140167926452608 parsl.executors.high_throughput.executor:313 initialize_scaling DEBUG: Launch command: process_worker_pool.py   -a 140.221.79.201 -p 0 -c 1.0 -m None --poll 10 --task_port=13569 --result_port=18954 --logdir=/rbstor/abrace/src/ESM_BindAlign/dataset/smi_embeddings/parsl/000/htex --block_id={block_id} --hb_period=30  --hb_threshold=120 --cpu-affinity block --available-accelerators 0 1
1707371401.287277 2024-02-07 23:50:01 MainProcess-3147734 MainThread-140167926452608 parsl.executors.high_throughput.executor:315 initialize_scaling DEBUG: Starting HighThroughputExecutor with provider:
LocalProvider(
    channel=LocalChannel(
        envs={}, 
        script_dir='/rbstor/abrace/src/ESM_BindAlign/dataset/smi_embeddings/parsl/000/submit_scripts', 
        userhome='/rbstor/abrace/src/ESM_BindAlign'
    ), 
    cmd_timeout=30, 
    init_blocks=1, 
    launcher=SingleNodeLauncher(debug=True, fail_on_any=False), 
    max_blocks=1, 
    min_blocks=0, 
    move_files=None, 
    nodes_per_block=1, 
    parallelism=1, 
    worker_init=''
)
1707371401.288346 2024-02-07 23:50:01 MainProcess-3147734 MainThread-140167926452608 parsl.executors.status_handling:194 scale_out INFO: Scaling out by 1 blocks
1707371401.288387 2024-02-07 23:50:01 MainProcess-3147734 MainThread-140167926452608 parsl.executors.status_handling:197 scale_out INFO: Allocated block ID 0
1707371401.288429 2024-02-07 23:50:01 MainProcess-3147734 MainThread-140167926452608 parsl.executors.status_handling:225 _launch_block DEBUG: Submitting to provider with job_name parsl.htex.block-0
1707371401.290034 2024-02-07 23:50:01 MainProcess-3147734 MainThread-140167926452608 parsl.providers.local.local:219 submit DEBUG: Launching
1707371401.305431 2024-02-07 23:50:01 MainProcess-3147734 MainThread-140167926452608 parsl.executors.status_handling:228 _launch_block DEBUG: Launched block 0 on executor htex with job ID 3147843
1707371401.305745 2024-02-07 23:50:01 MainProcess-3147734 MainThread-140167926452608 parsl.jobs.job_status_poller:128 add_executors DEBUG: Adding executor htex
1707371401.307523 2024-02-07 23:50:01 MainProcess-3147734 MainThread-140167926452608 parsl.dataflow.dflow:949 submit DEBUG: Task 0 will be sent to executor htex
1707371401.307686 2024-02-07 23:50:01 MainProcess-3147734 MainThread-140167926452608 parsl.dataflow.dflow:764 _add_output_deps DEBUG: Adding output dependencies
1707371401.307728 2024-02-07 23:50:01 MainProcess-3147734 MainThread-140167926452608 parsl.dataflow.dflow:1031 submit INFO: Task 0 submitted for App wrapper, not waiting on any dependency
1707371401.307783 2024-02-07 23:50:01 MainProcess-3147734 MainThread-140167926452608 parsl.dataflow.dflow:1037 submit DEBUG: Task 0 set to pending state with AppFuture: <AppFuture at 0x7f7a19c288e0 state=pending>
1707371401.307839 2024-02-07 23:50:01 MainProcess-3147734 MainThread-140167926452608 parsl.dataflow.memoization:222 check_memo DEBUG: Task 0 will not be memoized
1707371401.307940 2024-02-07 23:50:01 MainProcess-3147734 MainThread-140167926452608 parsl.executors.high_throughput.executor:566 submit DEBUG: Pushing function <function wrap_error.<locals>.wrapper at 0x7f7a19c0f010> to queue with args (PosixPath('dataset/BIOSNAP_test.smi'),)
1707371401.313036 2024-02-07 23:50:01 MainProcess-3147734 MainThread-140167926452608 parsl.executors.high_throughput.zmq_pipes:120 put DEBUG: Sending TasksOutgoing message
1707371401.313135 2024-02-07 23:50:01 MainProcess-3147734 MainThread-140167926452608 parsl.executors.high_throughput.zmq_pipes:122 put DEBUG: Sent TasksOutgoing message
1707371401.313185 2024-02-07 23:50:01 MainProcess-3147734 MainThread-140167926452608 parsl.dataflow.dflow:725 launch_task INFO: Parsl task 0 try 0 launched on executor htex with executor id 1
1707371401.313252 2024-02-07 23:50:01 MainProcess-3147734 MainThread-140167926452608 parsl.dataflow.dflow:949 submit DEBUG: Task 1 will be sent to executor htex
1707371401.313318 2024-02-07 23:50:01 MainProcess-3147734 MainThread-140167926452608 parsl.dataflow.dflow:764 _add_output_deps DEBUG: Adding output dependencies
1707371401.313365 2024-02-07 23:50:01 MainProcess-3147734 MainThread-140167926452608 parsl.dataflow.dflow:1031 submit INFO: Task 1 submitted for App wrapper, not waiting on any dependency
1707371401.313413 2024-02-07 23:50:01 MainProcess-3147734 MainThread-140167926452608 parsl.dataflow.dflow:1037 submit DEBUG: Task 1 set to pending state with AppFuture: <AppFuture at 0x7f7a19c294b0 state=pending>
1707371401.313460 2024-02-07 23:50:01 MainProcess-3147734 MainThread-140167926452608 parsl.dataflow.memoization:222 check_memo DEBUG: Task 1 will not be memoized
1707371401.313521 2024-02-07 23:50:01 MainProcess-3147734 MainThread-140167926452608 parsl.executors.high_throughput.executor:566 submit DEBUG: Pushing function <function wrap_error.<locals>.wrapper at 0x7f7a19c0f010> to queue with args (PosixPath('dataset/BIOSNAP_train.smi'),)
1707371401.313598 2024-02-07 23:50:01 MainProcess-3147734 MainThread-140167926452608 parsl.executors.high_throughput.zmq_pipes:120 put DEBUG: Sending TasksOutgoing message
1707371401.313653 2024-02-07 23:50:01 MainProcess-3147734 MainThread-140167926452608 parsl.executors.high_throughput.zmq_pipes:122 put DEBUG: Sent TasksOutgoing message
1707371401.313697 2024-02-07 23:50:01 MainProcess-3147734 MainThread-140167926452608 parsl.dataflow.dflow:725 launch_task INFO: Parsl task 1 try 0 launched on executor htex with executor id 2
1707371401.313749 2024-02-07 23:50:01 MainProcess-3147734 MainThread-140167926452608 parsl.dataflow.dflow:949 submit DEBUG: Task 2 will be sent to executor htex
1707371401.313801 2024-02-07 23:50:01 MainProcess-3147734 MainThread-140167926452608 parsl.dataflow.dflow:764 _add_output_deps DEBUG: Adding output dependencies
1707371401.313833 2024-02-07 23:50:01 MainProcess-3147734 MainThread-140167926452608 parsl.dataflow.dflow:1031 submit INFO: Task 2 submitted for App wrapper, not waiting on any dependency
1707371401.313874 2024-02-07 23:50:01 MainProcess-3147734 MainThread-140167926452608 parsl.dataflow.dflow:1037 submit DEBUG: Task 2 set to pending state with AppFuture: <AppFuture at 0x7f7a19c28dc0 state=pending>
1707371401.313913 2024-02-07 23:50:01 MainProcess-3147734 MainThread-140167926452608 parsl.dataflow.memoization:222 check_memo DEBUG: Task 2 will not be memoized
1707371401.313963 2024-02-07 23:50:01 MainProcess-3147734 MainThread-140167926452608 parsl.executors.high_throughput.executor:566 submit DEBUG: Pushing function <function wrap_error.<locals>.wrapper at 0x7f7a19c0f010> to queue with args (PosixPath('dataset/BIOSNAP_val.smi'),)
1707371401.314033 2024-02-07 23:50:01 MainProcess-3147734 MainThread-140167926452608 parsl.executors.high_throughput.zmq_pipes:120 put DEBUG: Sending TasksOutgoing message
1707371401.314090 2024-02-07 23:50:01 MainProcess-3147734 MainThread-140167926452608 parsl.executors.high_throughput.zmq_pipes:122 put DEBUG: Sent TasksOutgoing message
1707371401.314139 2024-02-07 23:50:01 MainProcess-3147734 MainThread-140167926452608 parsl.dataflow.dflow:725 launch_task INFO: Parsl task 2 try 0 launched on executor htex with executor id 3
1707371401.314187 2024-02-07 23:50:01 MainProcess-3147734 MainThread-140167926452608 parsl.dataflow.dflow:949 submit DEBUG: Task 3 will be sent to executor htex
1707371401.314229 2024-02-07 23:50:01 MainProcess-3147734 MainThread-140167926452608 parsl.dataflow.dflow:764 _add_output_deps DEBUG: Adding output dependencies
1707371401.314259 2024-02-07 23:50:01 MainProcess-3147734 MainThread-140167926452608 parsl.dataflow.dflow:1031 submit INFO: Task 3 submitted for App wrapper, not waiting on any dependency
1707371401.314289 2024-02-07 23:50:01 MainProcess-3147734 MainThread-140167926452608 parsl.dataflow.dflow:1037 submit DEBUG: Task 3 set to pending state with AppFuture: <AppFuture at 0x7f7a19c2a200 state=pending>
1707371401.314317 2024-02-07 23:50:01 MainProcess-3147734 MainThread-140167926452608 parsl.dataflow.memoization:222 check_memo DEBUG: Task 3 will not be memoized
1707371401.314357 2024-02-07 23:50:01 MainProcess-3147734 MainThread-140167926452608 parsl.executors.high_throughput.executor:566 submit DEBUG: Pushing function <function wrap_error.<locals>.wrapper at 0x7f7a19c0f010> to queue with args (PosixPath('dataset/BindingDB_test.smi'),)
1707371401.314426 2024-02-07 23:50:01 MainProcess-3147734 MainThread-140167926452608 parsl.executors.high_throughput.zmq_pipes:120 put DEBUG: Sending TasksOutgoing message
1707371401.314479 2024-02-07 23:50:01 MainProcess-3147734 MainThread-140167926452608 parsl.executors.high_throughput.zmq_pipes:122 put DEBUG: Sent TasksOutgoing message
1707371401.314521 2024-02-07 23:50:01 MainProcess-3147734 MainThread-140167926452608 parsl.dataflow.dflow:725 launch_task INFO: Parsl task 3 try 0 launched on executor htex with executor id 4
1707371401.314570 2024-02-07 23:50:01 MainProcess-3147734 MainThread-140167926452608 parsl.dataflow.dflow:949 submit DEBUG: Task 4 will be sent to executor htex
1707371401.314613 2024-02-07 23:50:01 MainProcess-3147734 MainThread-140167926452608 parsl.dataflow.dflow:764 _add_output_deps DEBUG: Adding output dependencies
1707371401.314643 2024-02-07 23:50:01 MainProcess-3147734 MainThread-140167926452608 parsl.dataflow.dflow:1031 submit INFO: Task 4 submitted for App wrapper, not waiting on any dependency
1707371401.314686 2024-02-07 23:50:01 MainProcess-3147734 MainThread-140167926452608 parsl.dataflow.dflow:1037 submit DEBUG: Task 4 set to pending state with AppFuture: <AppFuture at 0x7f7a19c2a320 state=pending>
1707371401.314728 2024-02-07 23:50:01 MainProcess-3147734 MainThread-140167926452608 parsl.dataflow.memoization:222 check_memo DEBUG: Task 4 will not be memoized
1707371401.314779 2024-02-07 23:50:01 MainProcess-3147734 MainThread-140167926452608 parsl.executors.high_throughput.executor:566 submit DEBUG: Pushing function <function wrap_error.<locals>.wrapper at 0x7f7a19c0f010> to queue with args (PosixPath('dataset/BindingDB_train.smi'),)
1707371401.314849 2024-02-07 23:50:01 MainProcess-3147734 MainThread-140167926452608 parsl.executors.high_throughput.zmq_pipes:120 put DEBUG: Sending TasksOutgoing message
1707371401.314900 2024-02-07 23:50:01 MainProcess-3147734 MainThread-140167926452608 parsl.executors.high_throughput.zmq_pipes:122 put DEBUG: Sent TasksOutgoing message
1707371401.314939 2024-02-07 23:50:01 MainProcess-3147734 MainThread-140167926452608 parsl.dataflow.dflow:725 launch_task INFO: Parsl task 4 try 0 launched on executor htex with executor id 5
1707371401.314988 2024-02-07 23:50:01 MainProcess-3147734 MainThread-140167926452608 parsl.dataflow.dflow:949 submit DEBUG: Task 5 will be sent to executor htex
1707371401.315041 2024-02-07 23:50:01 MainProcess-3147734 MainThread-140167926452608 parsl.dataflow.dflow:764 _add_output_deps DEBUG: Adding output dependencies
1707371401.315081 2024-02-07 23:50:01 MainProcess-3147734 MainThread-140167926452608 parsl.dataflow.dflow:1031 submit INFO: Task 5 submitted for App wrapper, not waiting on any dependency
1707371401.315127 2024-02-07 23:50:01 MainProcess-3147734 MainThread-140167926452608 parsl.dataflow.dflow:1037 submit DEBUG: Task 5 set to pending state with AppFuture: <AppFuture at 0x7f7a19c2a440 state=pending>
1707371401.315175 2024-02-07 23:50:01 MainProcess-3147734 MainThread-140167926452608 parsl.dataflow.memoization:222 check_memo DEBUG: Task 5 will not be memoized
1707371401.315229 2024-02-07 23:50:01 MainProcess-3147734 MainThread-140167926452608 parsl.executors.high_throughput.executor:566 submit DEBUG: Pushing function <function wrap_error.<locals>.wrapper at 0x7f7a19c0f010> to queue with args (PosixPath('dataset/BindingDB_val.smi'),)
1707371401.315292 2024-02-07 23:50:01 MainProcess-3147734 MainThread-140167926452608 parsl.executors.high_throughput.zmq_pipes:120 put DEBUG: Sending TasksOutgoing message
1707371401.315337 2024-02-07 23:50:01 MainProcess-3147734 MainThread-140167926452608 parsl.executors.high_throughput.zmq_pipes:122 put DEBUG: Sent TasksOutgoing message
1707371401.315374 2024-02-07 23:50:01 MainProcess-3147734 MainThread-140167926452608 parsl.dataflow.dflow:725 launch_task INFO: Parsl task 5 try 0 launched on executor htex with executor id 6
1707371401.315419 2024-02-07 23:50:01 MainProcess-3147734 MainThread-140167926452608 parsl.dataflow.dflow:949 submit DEBUG: Task 6 will be sent to executor htex
1707371401.315471 2024-02-07 23:50:01 MainProcess-3147734 MainThread-140167926452608 parsl.dataflow.dflow:764 _add_output_deps DEBUG: Adding output dependencies
1707371401.315513 2024-02-07 23:50:01 MainProcess-3147734 MainThread-140167926452608 parsl.dataflow.dflow:1031 submit INFO: Task 6 submitted for App wrapper, not waiting on any dependency
1707371401.315553 2024-02-07 23:50:01 MainProcess-3147734 MainThread-140167926452608 parsl.dataflow.dflow:1037 submit DEBUG: Task 6 set to pending state with AppFuture: <AppFuture at 0x7f7a19c2a560 state=pending>
1707371401.315583 2024-02-07 23:50:01 MainProcess-3147734 MainThread-140167926452608 parsl.dataflow.memoization:222 check_memo DEBUG: Task 6 will not be memoized
1707371401.315625 2024-02-07 23:50:01 MainProcess-3147734 MainThread-140167926452608 parsl.executors.high_throughput.executor:566 submit DEBUG: Pushing function <function wrap_error.<locals>.wrapper at 0x7f7a19c0f010> to queue with args (PosixPath('dataset/DAVIS_test.smi'),)
1707371401.315703 2024-02-07 23:50:01 MainProcess-3147734 MainThread-140167926452608 parsl.executors.high_throughput.zmq_pipes:120 put DEBUG: Sending TasksOutgoing message
1707371401.315752 2024-02-07 23:50:01 MainProcess-3147734 MainThread-140167926452608 parsl.executors.high_throughput.zmq_pipes:122 put DEBUG: Sent TasksOutgoing message
1707371401.315791 2024-02-07 23:50:01 MainProcess-3147734 MainThread-140167926452608 parsl.dataflow.dflow:725 launch_task INFO: Parsl task 6 try 0 launched on executor htex with executor id 7
1707371401.315840 2024-02-07 23:50:01 MainProcess-3147734 MainThread-140167926452608 parsl.dataflow.dflow:949 submit DEBUG: Task 7 will be sent to executor htex
1707371401.315896 2024-02-07 23:50:01 MainProcess-3147734 MainThread-140167926452608 parsl.dataflow.dflow:764 _add_output_deps DEBUG: Adding output dependencies
1707371401.315941 2024-02-07 23:50:01 MainProcess-3147734 MainThread-140167926452608 parsl.dataflow.dflow:1031 submit INFO: Task 7 submitted for App wrapper, not waiting on any dependency
1707371401.315987 2024-02-07 23:50:01 MainProcess-3147734 MainThread-140167926452608 parsl.dataflow.dflow:1037 submit DEBUG: Task 7 set to pending state with AppFuture: <AppFuture at 0x7f7a19c2a680 state=pending>
1707371401.316022 2024-02-07 23:50:01 MainProcess-3147734 MainThread-140167926452608 parsl.dataflow.memoization:222 check_memo DEBUG: Task 7 will not be memoized
1707371401.316061 2024-02-07 23:50:01 MainProcess-3147734 MainThread-140167926452608 parsl.executors.high_throughput.executor:566 submit DEBUG: Pushing function <function wrap_error.<locals>.wrapper at 0x7f7a19c0f010> to queue with args (PosixPath('dataset/DAVIS_train.smi'),)
1707371401.316133 2024-02-07 23:50:01 MainProcess-3147734 MainThread-140167926452608 parsl.executors.high_throughput.zmq_pipes:120 put DEBUG: Sending TasksOutgoing message
1707371401.316188 2024-02-07 23:50:01 MainProcess-3147734 MainThread-140167926452608 parsl.executors.high_throughput.zmq_pipes:122 put DEBUG: Sent TasksOutgoing message
1707371401.316231 2024-02-07 23:50:01 MainProcess-3147734 MainThread-140167926452608 parsl.dataflow.dflow:725 launch_task INFO: Parsl task 7 try 0 launched on executor htex with executor id 8
1707371401.316282 2024-02-07 23:50:01 MainProcess-3147734 MainThread-140167926452608 parsl.dataflow.dflow:949 submit DEBUG: Task 8 will be sent to executor htex
1707371401.316336 2024-02-07 23:50:01 MainProcess-3147734 MainThread-140167926452608 parsl.dataflow.dflow:764 _add_output_deps DEBUG: Adding output dependencies
1707371401.316381 2024-02-07 23:50:01 MainProcess-3147734 MainThread-140167926452608 parsl.dataflow.dflow:1031 submit INFO: Task 8 submitted for App wrapper, not waiting on any dependency
1707371401.316428 2024-02-07 23:50:01 MainProcess-3147734 MainThread-140167926452608 parsl.dataflow.dflow:1037 submit DEBUG: Task 8 set to pending state with AppFuture: <AppFuture at 0x7f7a19c2a7a0 state=pending>
1707371401.316461 2024-02-07 23:50:01 MainProcess-3147734 MainThread-140167926452608 parsl.dataflow.memoization:222 check_memo DEBUG: Task 8 will not be memoized
1707371401.316500 2024-02-07 23:50:01 MainProcess-3147734 MainThread-140167926452608 parsl.executors.high_throughput.executor:566 submit DEBUG: Pushing function <function wrap_error.<locals>.wrapper at 0x7f7a19c0f010> to queue with args (PosixPath('dataset/DAVIS_val.smi'),)
1707371401.316575 2024-02-07 23:50:01 MainProcess-3147734 MainThread-140167926452608 parsl.executors.high_throughput.zmq_pipes:120 put DEBUG: Sending TasksOutgoing message
1707371401.316629 2024-02-07 23:50:01 MainProcess-3147734 MainThread-140167926452608 parsl.executors.high_throughput.zmq_pipes:122 put DEBUG: Sent TasksOutgoing message
1707371401.316673 2024-02-07 23:50:01 MainProcess-3147734 MainThread-140167926452608 parsl.dataflow.dflow:725 launch_task INFO: Parsl task 8 try 0 launched on executor htex with executor id 9
1707371401.316717 2024-02-07 23:50:01 MainProcess-3147734 MainThread-140167926452608 parsl.dataflow.dflow:1156 wait_for_current_tasks INFO: Waiting for all remaining tasks to complete
1707371402.313135 2024-02-07 23:50:02 MainProcess-3147734 JobStatusPoller-Timer-Thread-140162395802976-140162394093312 parsl.jobs.strategy:176 _general_strategy DEBUG: general strategy starting with strategy_type simple for 1 executors
1707371402.313334 2024-02-07 23:50:02 MainProcess-3147734 JobStatusPoller-Timer-Thread-140162395802976-140162394093312 parsl.jobs.strategy:184 _general_strategy DEBUG: Strategizing for executor htex
1707371402.313381 2024-02-07 23:50:02 MainProcess-3147734 JobStatusPoller-Timer-Thread-140162395802976-140162394093312 parsl.executors.high_throughput.zmq_pipes:57 run DEBUG: Sending command client command
1707371402.313470 2024-02-07 23:50:02 MainProcess-3147734 JobStatusPoller-Timer-Thread-140162395802976-140162394093312 parsl.executors.high_throughput.zmq_pipes:59 run DEBUG: Waiting for command client response
1707371402.313885 2024-02-07 23:50:02 MainProcess-3147734 JobStatusPoller-Timer-Thread-140162395802976-140162394093312 parsl.executors.high_throughput.zmq_pipes:61 run DEBUG: Received command client response
1707371402.313937 2024-02-07 23:50:02 MainProcess-3147734 JobStatusPoller-Timer-Thread-140162395802976-140162394093312 parsl.jobs.strategy:205 _general_strategy DEBUG: Slot ratio calculation: active_slots = 2, active_tasks = 9
1707371402.313967 2024-02-07 23:50:02 MainProcess-3147734 JobStatusPoller-Timer-Thread-140162395802976-140162394093312 parsl.executors.high_throughput.zmq_pipes:57 run DEBUG: Sending command client command
1707371402.313999 2024-02-07 23:50:02 MainProcess-3147734 JobStatusPoller-Timer-Thread-140162395802976-140162394093312 parsl.executors.high_throughput.zmq_pipes:59 run DEBUG: Waiting for command client response
1707371402.314072 2024-02-07 23:50:02 MainProcess-3147734 JobStatusPoller-Timer-Thread-140162395802976-140162394093312 parsl.executors.high_throughput.zmq_pipes:61 run DEBUG: Received command client response
1707371402.314115 2024-02-07 23:50:02 MainProcess-3147734 JobStatusPoller-Timer-Thread-140162395802976-140162394093312 parsl.executors.high_throughput.zmq_pipes:57 run DEBUG: Sending command client command
1707371402.314146 2024-02-07 23:50:02 MainProcess-3147734 JobStatusPoller-Timer-Thread-140162395802976-140162394093312 parsl.executors.high_throughput.zmq_pipes:59 run DEBUG: Waiting for command client response
1707371402.314212 2024-02-07 23:50:02 MainProcess-3147734 JobStatusPoller-Timer-Thread-140162395802976-140162394093312 parsl.executors.high_throughput.zmq_pipes:61 run DEBUG: Received command client response
1707371402.314239 2024-02-07 23:50:02 MainProcess-3147734 JobStatusPoller-Timer-Thread-140162395802976-140162394093312 parsl.jobs.strategy:208 _general_strategy DEBUG: Executor htex has 9 active tasks, 1/0 running/pending blocks, and 2 connected workers
1707371402.314269 2024-02-07 23:50:02 MainProcess-3147734 JobStatusPoller-Timer-Thread-140162395802976-140162394093312 parsl.jobs.strategy:253 _general_strategy DEBUG: Strategy case 2: slots are overloaded - (slot_ratio = active_slots/active_tasks) < parallelism
1707371402.314290 2024-02-07 23:50:02 MainProcess-3147734 JobStatusPoller-Timer-Thread-140162395802976-140162394093312 parsl.jobs.strategy:259 _general_strategy DEBUG: Strategy case 2a: active_blocks 1 >= max_blocks 1 so not scaling out
1707371402.314324 2024-02-07 23:50:02 MainProcess-3147734 JobStatusPoller-Timer-Thread-140162395802976-140162394093312 parsl.process_loggers:28 wrapped DEBUG: Normal ending for _general_strategy on thread JobStatusPoller-Timer-Thread-140162395802976
1707371407.295655 2024-02-07 23:50:07 MainProcess-3147734 JobStatusPoller-Timer-Thread-140162395802976-140162394093312 parsl.jobs.strategy:176 _general_strategy DEBUG: general strategy starting with strategy_type simple for 1 executors
1707371407.295964 2024-02-07 23:50:07 MainProcess-3147734 JobStatusPoller-Timer-Thread-140162395802976-140162394093312 parsl.jobs.strategy:184 _general_strategy DEBUG: Strategizing for executor htex
1707371407.296011 2024-02-07 23:50:07 MainProcess-3147734 JobStatusPoller-Timer-Thread-140162395802976-140162394093312 parsl.executors.high_throughput.zmq_pipes:57 run DEBUG: Sending command client command
1707371407.296082 2024-02-07 23:50:07 MainProcess-3147734 JobStatusPoller-Timer-Thread-140162395802976-140162394093312 parsl.executors.high_throughput.zmq_pipes:59 run DEBUG: Waiting for command client response
1707371407.296368 2024-02-07 23:50:07 MainProcess-3147734 JobStatusPoller-Timer-Thread-140162395802976-140162394093312 parsl.executors.high_throughput.zmq_pipes:61 run DEBUG: Received command client response
1707371407.296404 2024-02-07 23:50:07 MainProcess-3147734 JobStatusPoller-Timer-Thread-140162395802976-140162394093312 parsl.jobs.strategy:205 _general_strategy DEBUG: Slot ratio calculation: active_slots = 2, active_tasks = 9
1707371407.296429 2024-02-07 23:50:07 MainProcess-3147734 JobStatusPoller-Timer-Thread-140162395802976-140162394093312 parsl.executors.high_throughput.zmq_pipes:57 run DEBUG: Sending command client command
1707371407.296456 2024-02-07 23:50:07 MainProcess-3147734 JobStatusPoller-Timer-Thread-140162395802976-140162394093312 parsl.executors.high_throughput.zmq_pipes:59 run DEBUG: Waiting for command client response
1707371407.296519 2024-02-07 23:50:07 MainProcess-3147734 JobStatusPoller-Timer-Thread-140162395802976-140162394093312 parsl.executors.high_throughput.zmq_pipes:61 run DEBUG: Received command client response
1707371407.296542 2024-02-07 23:50:07 MainProcess-3147734 JobStatusPoller-Timer-Thread-140162395802976-140162394093312 parsl.executors.high_throughput.zmq_pipes:57 run DEBUG: Sending command client command
1707371407.296567 2024-02-07 23:50:07 MainProcess-3147734 JobStatusPoller-Timer-Thread-140162395802976-140162394093312 parsl.executors.high_throughput.zmq_pipes:59 run DEBUG: Waiting for command client response
1707371407.296624 2024-02-07 23:50:07 MainProcess-3147734 JobStatusPoller-Timer-Thread-140162395802976-140162394093312 parsl.executors.high_throughput.zmq_pipes:61 run DEBUG: Received command client response
1707371407.296647 2024-02-07 23:50:07 MainProcess-3147734 JobStatusPoller-Timer-Thread-140162395802976-140162394093312 parsl.jobs.strategy:208 _general_strategy DEBUG: Executor htex has 9 active tasks, 1/0 running/pending blocks, and 2 connected workers
1707371407.296674 2024-02-07 23:50:07 MainProcess-3147734 JobStatusPoller-Timer-Thread-140162395802976-140162394093312 parsl.jobs.strategy:253 _general_strategy DEBUG: Strategy case 2: slots are overloaded - (slot_ratio = active_slots/active_tasks) < parallelism
1707371407.296695 2024-02-07 23:50:07 MainProcess-3147734 JobStatusPoller-Timer-Thread-140162395802976-140162394093312 parsl.jobs.strategy:259 _general_strategy DEBUG: Strategy case 2a: active_blocks 1 >= max_blocks 1 so not scaling out
1707371407.296717 2024-02-07 23:50:07 MainProcess-3147734 JobStatusPoller-Timer-Thread-140162395802976-140162394093312 parsl.process_loggers:28 wrapped DEBUG: Normal ending for _general_strategy on thread JobStatusPoller-Timer-Thread-140162395802976
1707371412.301648 2024-02-07 23:50:12 MainProcess-3147734 JobStatusPoller-Timer-Thread-140162395802976-140162394093312 parsl.jobs.strategy:176 _general_strategy DEBUG: general strategy starting with strategy_type simple for 1 executors
1707371412.301843 2024-02-07 23:50:12 MainProcess-3147734 JobStatusPoller-Timer-Thread-140162395802976-140162394093312 parsl.jobs.strategy:184 _general_strategy DEBUG: Strategizing for executor htex
1707371412.301889 2024-02-07 23:50:12 MainProcess-3147734 JobStatusPoller-Timer-Thread-140162395802976-140162394093312 parsl.executors.high_throughput.zmq_pipes:57 run DEBUG: Sending command client command
1707371412.301964 2024-02-07 23:50:12 MainProcess-3147734 JobStatusPoller-Timer-Thread-140162395802976-140162394093312 parsl.executors.high_throughput.zmq_pipes:59 run DEBUG: Waiting for command client response
1707371412.302191 2024-02-07 23:50:12 MainProcess-3147734 JobStatusPoller-Timer-Thread-140162395802976-140162394093312 parsl.executors.high_throughput.zmq_pipes:61 run DEBUG: Received command client response
1707371412.302229 2024-02-07 23:50:12 MainProcess-3147734 JobStatusPoller-Timer-Thread-140162395802976-140162394093312 parsl.jobs.strategy:205 _general_strategy DEBUG: Slot ratio calculation: active_slots = 2, active_tasks = 9
1707371412.302253 2024-02-07 23:50:12 MainProcess-3147734 JobStatusPoller-Timer-Thread-140162395802976-140162394093312 parsl.executors.high_throughput.zmq_pipes:57 run DEBUG: Sending command client command
1707371412.302282 2024-02-07 23:50:12 MainProcess-3147734 JobStatusPoller-Timer-Thread-140162395802976-140162394093312 parsl.executors.high_throughput.zmq_pipes:59 run DEBUG: Waiting for command client response
1707371412.302347 2024-02-07 23:50:12 MainProcess-3147734 JobStatusPoller-Timer-Thread-140162395802976-140162394093312 parsl.executors.high_throughput.zmq_pipes:61 run DEBUG: Received command client response
1707371412.302370 2024-02-07 23:50:12 MainProcess-3147734 JobStatusPoller-Timer-Thread-140162395802976-140162394093312 parsl.executors.high_throughput.zmq_pipes:57 run DEBUG: Sending command client command
1707371412.302396 2024-02-07 23:50:12 MainProcess-3147734 JobStatusPoller-Timer-Thread-140162395802976-140162394093312 parsl.executors.high_throughput.zmq_pipes:59 run DEBUG: Waiting for command client response
1707371412.302456 2024-02-07 23:50:12 MainProcess-3147734 JobStatusPoller-Timer-Thread-140162395802976-140162394093312 parsl.executors.high_throughput.zmq_pipes:61 run DEBUG: Received command client response
1707371412.302480 2024-02-07 23:50:12 MainProcess-3147734 JobStatusPoller-Timer-Thread-140162395802976-140162394093312 parsl.jobs.strategy:208 _general_strategy DEBUG: Executor htex has 9 active tasks, 1/0 running/pending blocks, and 2 connected workers
1707371412.302509 2024-02-07 23:50:12 MainProcess-3147734 JobStatusPoller-Timer-Thread-140162395802976-140162394093312 parsl.jobs.strategy:253 _general_strategy DEBUG: Strategy case 2: slots are overloaded - (slot_ratio = active_slots/active_tasks) < parallelism
1707371412.302536 2024-02-07 23:50:12 MainProcess-3147734 JobStatusPoller-Timer-Thread-140162395802976-140162394093312 parsl.jobs.strategy:259 _general_strategy DEBUG: Strategy case 2a: active_blocks 1 >= max_blocks 1 so not scaling out
1707371412.302559 2024-02-07 23:50:12 MainProcess-3147734 JobStatusPoller-Timer-Thread-140162395802976-140162394093312 parsl.process_loggers:28 wrapped DEBUG: Normal ending for _general_strategy on thread JobStatusPoller-Timer-Thread-140162395802976
1707371415.859654 2024-02-07 23:50:15 MainProcess-3147734 HTEX-Queue-Management-Thread-140162264708864 parsl.executors.high_throughput.zmq_pipes:158 get DEBUG: Received ResultsIncoming message
1707371415.859978 2024-02-07 23:50:15 MainProcess-3147734 HTEX-Queue-Management-Thread-140162264708864 parsl.dataflow.dflow:551 _complete_task INFO: Task 0 completed (launched -> exec_done)
1707371415.860074 2024-02-07 23:50:15 MainProcess-3147734 HTEX-Queue-Management-Thread-140162264708864 parsl.executors.high_throughput.zmq_pipes:156 get DEBUG: Waiting for ResultsIncoming message
1707371417.301073 2024-02-07 23:50:17 MainProcess-3147734 JobStatusPoller-Timer-Thread-140162395802976-140162394093312 parsl.jobs.strategy:176 _general_strategy DEBUG: general strategy starting with strategy_type simple for 1 executors
1707371417.301198 2024-02-07 23:50:17 MainProcess-3147734 JobStatusPoller-Timer-Thread-140162395802976-140162394093312 parsl.jobs.strategy:184 _general_strategy DEBUG: Strategizing for executor htex
1707371417.301238 2024-02-07 23:50:17 MainProcess-3147734 JobStatusPoller-Timer-Thread-140162395802976-140162394093312 parsl.executors.high_throughput.zmq_pipes:57 run DEBUG: Sending command client command
1707371417.301301 2024-02-07 23:50:17 MainProcess-3147734 JobStatusPoller-Timer-Thread-140162395802976-140162394093312 parsl.executors.high_throughput.zmq_pipes:59 run DEBUG: Waiting for command client response
1707371417.301454 2024-02-07 23:50:17 MainProcess-3147734 JobStatusPoller-Timer-Thread-140162395802976-140162394093312 parsl.executors.high_throughput.zmq_pipes:61 run DEBUG: Received command client response
1707371417.301490 2024-02-07 23:50:17 MainProcess-3147734 JobStatusPoller-Timer-Thread-140162395802976-140162394093312 parsl.jobs.strategy:205 _general_strategy DEBUG: Slot ratio calculation: active_slots = 2, active_tasks = 8
1707371417.301514 2024-02-07 23:50:17 MainProcess-3147734 JobStatusPoller-Timer-Thread-140162395802976-140162394093312 parsl.executors.high_throughput.zmq_pipes:57 run DEBUG: Sending command client command
1707371417.301541 2024-02-07 23:50:17 MainProcess-3147734 JobStatusPoller-Timer-Thread-140162395802976-140162394093312 parsl.executors.high_throughput.zmq_pipes:59 run DEBUG: Waiting for command client response
1707371417.301607 2024-02-07 23:50:17 MainProcess-3147734 JobStatusPoller-Timer-Thread-140162395802976-140162394093312 parsl.executors.high_throughput.zmq_pipes:61 run DEBUG: Received command client response
1707371417.301630 2024-02-07 23:50:17 MainProcess-3147734 JobStatusPoller-Timer-Thread-140162395802976-140162394093312 parsl.executors.high_throughput.zmq_pipes:57 run DEBUG: Sending command client command
1707371417.301655 2024-02-07 23:50:17 MainProcess-3147734 JobStatusPoller-Timer-Thread-140162395802976-140162394093312 parsl.executors.high_throughput.zmq_pipes:59 run DEBUG: Waiting for command client response
1707371417.301715 2024-02-07 23:50:17 MainProcess-3147734 JobStatusPoller-Timer-Thread-140162395802976-140162394093312 parsl.executors.high_throughput.zmq_pipes:61 run DEBUG: Received command client response
1707371417.301738 2024-02-07 23:50:17 MainProcess-3147734 JobStatusPoller-Timer-Thread-140162395802976-140162394093312 parsl.jobs.strategy:208 _general_strategy DEBUG: Executor htex has 8 active tasks, 1/0 running/pending blocks, and 2 connected workers
1707371417.301765 2024-02-07 23:50:17 MainProcess-3147734 JobStatusPoller-Timer-Thread-140162395802976-140162394093312 parsl.jobs.strategy:253 _general_strategy DEBUG: Strategy case 2: slots are overloaded - (slot_ratio = active_slots/active_tasks) < parallelism
1707371417.301791 2024-02-07 23:50:17 MainProcess-3147734 JobStatusPoller-Timer-Thread-140162395802976-140162394093312 parsl.jobs.strategy:259 _general_strategy DEBUG: Strategy case 2a: active_blocks 1 >= max_blocks 1 so not scaling out
1707371417.301814 2024-02-07 23:50:17 MainProcess-3147734 JobStatusPoller-Timer-Thread-140162395802976-140162394093312 parsl.process_loggers:28 wrapped DEBUG: Normal ending for _general_strategy on thread JobStatusPoller-Timer-Thread-140162395802976
1707371422.300282 2024-02-07 23:50:22 MainProcess-3147734 JobStatusPoller-Timer-Thread-140162395802976-140162394093312 parsl.jobs.strategy:176 _general_strategy DEBUG: general strategy starting with strategy_type simple for 1 executors
1707371422.300516 2024-02-07 23:50:22 MainProcess-3147734 JobStatusPoller-Timer-Thread-140162395802976-140162394093312 parsl.jobs.strategy:184 _general_strategy DEBUG: Strategizing for executor htex
1707371422.300561 2024-02-07 23:50:22 MainProcess-3147734 JobStatusPoller-Timer-Thread-140162395802976-140162394093312 parsl.executors.high_throughput.zmq_pipes:57 run DEBUG: Sending command client command
1707371422.300641 2024-02-07 23:50:22 MainProcess-3147734 JobStatusPoller-Timer-Thread-140162395802976-140162394093312 parsl.executors.high_throughput.zmq_pipes:59 run DEBUG: Waiting for command client response
1707371422.300872 2024-02-07 23:50:22 MainProcess-3147734 JobStatusPoller-Timer-Thread-140162395802976-140162394093312 parsl.executors.high_throughput.zmq_pipes:61 run DEBUG: Received command client response
1707371422.300910 2024-02-07 23:50:22 MainProcess-3147734 JobStatusPoller-Timer-Thread-140162395802976-140162394093312 parsl.jobs.strategy:205 _general_strategy DEBUG: Slot ratio calculation: active_slots = 2, active_tasks = 8
1707371422.300934 2024-02-07 23:50:22 MainProcess-3147734 JobStatusPoller-Timer-Thread-140162395802976-140162394093312 parsl.executors.high_throughput.zmq_pipes:57 run DEBUG: Sending command client command
1707371422.300964 2024-02-07 23:50:22 MainProcess-3147734 JobStatusPoller-Timer-Thread-140162395802976-140162394093312 parsl.executors.high_throughput.zmq_pipes:59 run DEBUG: Waiting for command client response
1707371422.301085 2024-02-07 23:50:22 MainProcess-3147734 JobStatusPoller-Timer-Thread-140162395802976-140162394093312 parsl.executors.high_throughput.zmq_pipes:61 run DEBUG: Received command client response
1707371422.301109 2024-02-07 23:50:22 MainProcess-3147734 JobStatusPoller-Timer-Thread-140162395802976-140162394093312 parsl.executors.high_throughput.zmq_pipes:57 run DEBUG: Sending command client command
1707371422.301144 2024-02-07 23:50:22 MainProcess-3147734 JobStatusPoller-Timer-Thread-140162395802976-140162394093312 parsl.executors.high_throughput.zmq_pipes:59 run DEBUG: Waiting for command client response
1707371422.301262 2024-02-07 23:50:22 MainProcess-3147734 JobStatusPoller-Timer-Thread-140162395802976-140162394093312 parsl.executors.high_throughput.zmq_pipes:61 run DEBUG: Received command client response
1707371422.301284 2024-02-07 23:50:22 MainProcess-3147734 JobStatusPoller-Timer-Thread-140162395802976-140162394093312 parsl.jobs.strategy:208 _general_strategy DEBUG: Executor htex has 8 active tasks, 1/0 running/pending blocks, and 2 connected workers
1707371422.301312 2024-02-07 23:50:22 MainProcess-3147734 JobStatusPoller-Timer-Thread-140162395802976-140162394093312 parsl.jobs.strategy:253 _general_strategy DEBUG: Strategy case 2: slots are overloaded - (slot_ratio = active_slots/active_tasks) < parallelism
1707371422.301333 2024-02-07 23:50:22 MainProcess-3147734 JobStatusPoller-Timer-Thread-140162395802976-140162394093312 parsl.jobs.strategy:259 _general_strategy DEBUG: Strategy case 2a: active_blocks 1 >= max_blocks 1 so not scaling out
1707371422.301357 2024-02-07 23:50:22 MainProcess-3147734 JobStatusPoller-Timer-Thread-140162395802976-140162394093312 parsl.process_loggers:28 wrapped DEBUG: Normal ending for _general_strategy on thread JobStatusPoller-Timer-Thread-140162395802976
1707371422.459583 2024-02-07 23:50:22 MainProcess-3147734 HTEX-Queue-Management-Thread-140162264708864 parsl.executors.high_throughput.zmq_pipes:158 get DEBUG: Received ResultsIncoming message
1707371422.459827 2024-02-07 23:50:22 MainProcess-3147734 HTEX-Queue-Management-Thread-140162264708864 parsl.dataflow.dflow:551 _complete_task INFO: Task 2 completed (launched -> exec_done)
1707371422.459906 2024-02-07 23:50:22 MainProcess-3147734 HTEX-Queue-Management-Thread-140162264708864 parsl.executors.high_throughput.zmq_pipes:156 get DEBUG: Waiting for ResultsIncoming message
1707371425.361712 2024-02-07 23:50:25 MainProcess-3147734 HTEX-Queue-Management-Thread-140162264708864 parsl.executors.high_throughput.zmq_pipes:158 get DEBUG: Received ResultsIncoming message
1707371425.361818 2024-02-07 23:50:25 MainProcess-3147734 HTEX-Queue-Management-Thread-140162264708864 parsl.dataflow.dflow:551 _complete_task INFO: Task 1 completed (launched -> exec_done)
1707371425.361902 2024-02-07 23:50:25 MainProcess-3147734 HTEX-Queue-Management-Thread-140162264708864 parsl.executors.high_throughput.zmq_pipes:156 get DEBUG: Waiting for ResultsIncoming message
1707371427.299318 2024-02-07 23:50:27 MainProcess-3147734 JobStatusPoller-Timer-Thread-140162395802976-140162394093312 parsl.jobs.strategy:176 _general_strategy DEBUG: general strategy starting with strategy_type simple for 1 executors
1707371427.299434 2024-02-07 23:50:27 MainProcess-3147734 JobStatusPoller-Timer-Thread-140162395802976-140162394093312 parsl.jobs.strategy:184 _general_strategy DEBUG: Strategizing for executor htex
1707371427.299474 2024-02-07 23:50:27 MainProcess-3147734 JobStatusPoller-Timer-Thread-140162395802976-140162394093312 parsl.executors.high_throughput.zmq_pipes:57 run DEBUG: Sending command client command
1707371427.299535 2024-02-07 23:50:27 MainProcess-3147734 JobStatusPoller-Timer-Thread-140162395802976-140162394093312 parsl.executors.high_throughput.zmq_pipes:59 run DEBUG: Waiting for command client response
1707371427.299761 2024-02-07 23:50:27 MainProcess-3147734 JobStatusPoller-Timer-Thread-140162395802976-140162394093312 parsl.executors.high_throughput.zmq_pipes:61 run DEBUG: Received command client response
1707371427.299797 2024-02-07 23:50:27 MainProcess-3147734 JobStatusPoller-Timer-Thread-140162395802976-140162394093312 parsl.jobs.strategy:205 _general_strategy DEBUG: Slot ratio calculation: active_slots = 2, active_tasks = 6
1707371427.299821 2024-02-07 23:50:27 MainProcess-3147734 JobStatusPoller-Timer-Thread-140162395802976-140162394093312 parsl.executors.high_throughput.zmq_pipes:57 run DEBUG: Sending command client command
1707371427.299850 2024-02-07 23:50:27 MainProcess-3147734 JobStatusPoller-Timer-Thread-140162395802976-140162394093312 parsl.executors.high_throughput.zmq_pipes:59 run DEBUG: Waiting for command client response
1707371427.299965 2024-02-07 23:50:27 MainProcess-3147734 JobStatusPoller-Timer-Thread-140162395802976-140162394093312 parsl.executors.high_throughput.zmq_pipes:61 run DEBUG: Received command client response
1707371427.299989 2024-02-07 23:50:27 MainProcess-3147734 JobStatusPoller-Timer-Thread-140162395802976-140162394093312 parsl.executors.high_throughput.zmq_pipes:57 run DEBUG: Sending command client command
1707371427.300018 2024-02-07 23:50:27 MainProcess-3147734 JobStatusPoller-Timer-Thread-140162395802976-140162394093312 parsl.executors.high_throughput.zmq_pipes:59 run DEBUG: Waiting for command client response
1707371427.300128 2024-02-07 23:50:27 MainProcess-3147734 JobStatusPoller-Timer-Thread-140162395802976-140162394093312 parsl.executors.high_throughput.zmq_pipes:61 run DEBUG: Received command client response
1707371427.300151 2024-02-07 23:50:27 MainProcess-3147734 JobStatusPoller-Timer-Thread-140162395802976-140162394093312 parsl.jobs.strategy:208 _general_strategy DEBUG: Executor htex has 6 active tasks, 1/0 running/pending blocks, and 2 connected workers
1707371427.300183 2024-02-07 23:50:27 MainProcess-3147734 JobStatusPoller-Timer-Thread-140162395802976-140162394093312 parsl.jobs.strategy:253 _general_strategy DEBUG: Strategy case 2: slots are overloaded - (slot_ratio = active_slots/active_tasks) < parallelism
1707371427.300205 2024-02-07 23:50:27 MainProcess-3147734 JobStatusPoller-Timer-Thread-140162395802976-140162394093312 parsl.jobs.strategy:259 _general_strategy DEBUG: Strategy case 2a: active_blocks 1 >= max_blocks 1 so not scaling out
1707371427.300228 2024-02-07 23:50:27 MainProcess-3147734 JobStatusPoller-Timer-Thread-140162395802976-140162394093312 parsl.process_loggers:28 wrapped DEBUG: Normal ending for _general_strategy on thread JobStatusPoller-Timer-Thread-140162395802976
1707371430.046946 2024-02-07 23:50:30 MainProcess-3147734 HTEX-Queue-Management-Thread-140162264708864 parsl.executors.high_throughput.zmq_pipes:158 get DEBUG: Received ResultsIncoming message
1707371430.047051 2024-02-07 23:50:30 MainProcess-3147734 HTEX-Queue-Management-Thread-140162264708864 parsl.dataflow.dflow:551 _complete_task INFO: Task 3 completed (launched -> exec_done)
1707371430.047117 2024-02-07 23:50:30 MainProcess-3147734 HTEX-Queue-Management-Thread-140162264708864 parsl.executors.high_throughput.zmq_pipes:156 get DEBUG: Waiting for ResultsIncoming message
1707371431.892975 2024-02-07 23:50:31 MainProcess-3147734 HTEX-Queue-Management-Thread-140162264708864 parsl.executors.high_throughput.zmq_pipes:158 get DEBUG: Received ResultsIncoming message
1707371431.893039 2024-02-07 23:50:31 MainProcess-3147734 HTEX-Queue-Management-Thread-140162264708864 parsl.executors.high_throughput.zmq_pipes:156 get DEBUG: Waiting for ResultsIncoming message
1707371432.298415 2024-02-07 23:50:32 MainProcess-3147734 JobStatusPoller-Timer-Thread-140162395802976-140162394093312 parsl.jobs.strategy:176 _general_strategy DEBUG: general strategy starting with strategy_type simple for 1 executors
1707371432.298611 2024-02-07 23:50:32 MainProcess-3147734 JobStatusPoller-Timer-Thread-140162395802976-140162394093312 parsl.jobs.strategy:184 _general_strategy DEBUG: Strategizing for executor htex
1707371432.298657 2024-02-07 23:50:32 MainProcess-3147734 JobStatusPoller-Timer-Thread-140162395802976-140162394093312 parsl.executors.high_throughput.zmq_pipes:57 run DEBUG: Sending command client command
1707371432.298738 2024-02-07 23:50:32 MainProcess-3147734 JobStatusPoller-Timer-Thread-140162395802976-140162394093312 parsl.executors.high_throughput.zmq_pipes:59 run DEBUG: Waiting for command client response
1707371432.298930 2024-02-07 23:50:32 MainProcess-3147734 JobStatusPoller-Timer-Thread-140162395802976-140162394093312 parsl.executors.high_throughput.zmq_pipes:61 run DEBUG: Received command client response
1707371432.298969 2024-02-07 23:50:32 MainProcess-3147734 JobStatusPoller-Timer-Thread-140162395802976-140162394093312 parsl.jobs.strategy:205 _general_strategy DEBUG: Slot ratio calculation: active_slots = 2, active_tasks = 5
1707371432.298994 2024-02-07 23:50:32 MainProcess-3147734 JobStatusPoller-Timer-Thread-140162395802976-140162394093312 parsl.executors.high_throughput.zmq_pipes:57 run DEBUG: Sending command client command
1707371432.299023 2024-02-07 23:50:32 MainProcess-3147734 JobStatusPoller-Timer-Thread-140162395802976-140162394093312 parsl.executors.high_throughput.zmq_pipes:59 run DEBUG: Waiting for command client response
1707371432.299141 2024-02-07 23:50:32 MainProcess-3147734 JobStatusPoller-Timer-Thread-140162395802976-140162394093312 parsl.executors.high_throughput.zmq_pipes:61 run DEBUG: Received command client response
1707371432.299164 2024-02-07 23:50:32 MainProcess-3147734 JobStatusPoller-Timer-Thread-140162395802976-140162394093312 parsl.executors.high_throughput.zmq_pipes:57 run DEBUG: Sending command client command
1707371432.299194 2024-02-07 23:50:32 MainProcess-3147734 JobStatusPoller-Timer-Thread-140162395802976-140162394093312 parsl.executors.high_throughput.zmq_pipes:59 run DEBUG: Waiting for command client response
1707371432.299308 2024-02-07 23:50:32 MainProcess-3147734 JobStatusPoller-Timer-Thread-140162395802976-140162394093312 parsl.executors.high_throughput.zmq_pipes:61 run DEBUG: Received command client response
1707371432.299336 2024-02-07 23:50:32 MainProcess-3147734 JobStatusPoller-Timer-Thread-140162395802976-140162394093312 parsl.jobs.strategy:208 _general_strategy DEBUG: Executor htex has 5 active tasks, 1/0 running/pending blocks, and 2 connected workers
1707371432.299365 2024-02-07 23:50:32 MainProcess-3147734 JobStatusPoller-Timer-Thread-140162395802976-140162394093312 parsl.jobs.strategy:253 _general_strategy DEBUG: Strategy case 2: slots are overloaded - (slot_ratio = active_slots/active_tasks) < parallelism
1707371432.299387 2024-02-07 23:50:32 MainProcess-3147734 JobStatusPoller-Timer-Thread-140162395802976-140162394093312 parsl.jobs.strategy:259 _general_strategy DEBUG: Strategy case 2a: active_blocks 1 >= max_blocks 1 so not scaling out
1707371432.299410 2024-02-07 23:50:32 MainProcess-3147734 JobStatusPoller-Timer-Thread-140162395802976-140162394093312 parsl.process_loggers:28 wrapped DEBUG: Normal ending for _general_strategy on thread JobStatusPoller-Timer-Thread-140162395802976
1707371436.166190 2024-02-07 23:50:36 MainProcess-3147734 HTEX-Queue-Management-Thread-140162264708864 parsl.executors.high_throughput.zmq_pipes:158 get DEBUG: Received ResultsIncoming message
1707371436.166370 2024-02-07 23:50:36 MainProcess-3147734 HTEX-Queue-Management-Thread-140162264708864 parsl.dataflow.dflow:551 _complete_task INFO: Task 5 completed (launched -> exec_done)
1707371436.166437 2024-02-07 23:50:36 MainProcess-3147734 HTEX-Queue-Management-Thread-140162264708864 parsl.executors.high_throughput.zmq_pipes:156 get DEBUG: Waiting for ResultsIncoming message
1707371437.296321 2024-02-07 23:50:37 MainProcess-3147734 JobStatusPoller-Timer-Thread-140162395802976-140162394093312 parsl.jobs.strategy:176 _general_strategy DEBUG: general strategy starting with strategy_type simple for 1 executors
1707371437.296496 2024-02-07 23:50:37 MainProcess-3147734 JobStatusPoller-Timer-Thread-140162395802976-140162394093312 parsl.jobs.strategy:184 _general_strategy DEBUG: Strategizing for executor htex
1707371437.296540 2024-02-07 23:50:37 MainProcess-3147734 JobStatusPoller-Timer-Thread-140162395802976-140162394093312 parsl.executors.high_throughput.zmq_pipes:57 run DEBUG: Sending command client command
1707371437.296617 2024-02-07 23:50:37 MainProcess-3147734 JobStatusPoller-Timer-Thread-140162395802976-140162394093312 parsl.executors.high_throughput.zmq_pipes:59 run DEBUG: Waiting for command client response
1707371437.296784 2024-02-07 23:50:37 MainProcess-3147734 JobStatusPoller-Timer-Thread-140162395802976-140162394093312 parsl.executors.high_throughput.zmq_pipes:61 run DEBUG: Received command client response
1707371437.296820 2024-02-07 23:50:37 MainProcess-3147734 JobStatusPoller-Timer-Thread-140162395802976-140162394093312 parsl.jobs.strategy:205 _general_strategy DEBUG: Slot ratio calculation: active_slots = 2, active_tasks = 4
1707371437.296846 2024-02-07 23:50:37 MainProcess-3147734 JobStatusPoller-Timer-Thread-140162395802976-140162394093312 parsl.executors.high_throughput.zmq_pipes:57 run DEBUG: Sending command client command
1707371437.296876 2024-02-07 23:50:37 MainProcess-3147734 JobStatusPoller-Timer-Thread-140162395802976-140162394093312 parsl.executors.high_throughput.zmq_pipes:59 run DEBUG: Waiting for command client response
1707371437.296944 2024-02-07 23:50:37 MainProcess-3147734 JobStatusPoller-Timer-Thread-140162395802976-140162394093312 parsl.executors.high_throughput.zmq_pipes:61 run DEBUG: Received command client response
1707371437.296968 2024-02-07 23:50:37 MainProcess-3147734 JobStatusPoller-Timer-Thread-140162395802976-140162394093312 parsl.executors.high_throughput.zmq_pipes:57 run DEBUG: Sending command client command
1707371437.296996 2024-02-07 23:50:37 MainProcess-3147734 JobStatusPoller-Timer-Thread-140162395802976-140162394093312 parsl.executors.high_throughput.zmq_pipes:59 run DEBUG: Waiting for command client response
1707371437.297063 2024-02-07 23:50:37 MainProcess-3147734 JobStatusPoller-Timer-Thread-140162395802976-140162394093312 parsl.executors.high_throughput.zmq_pipes:61 run DEBUG: Received command client response
1707371437.297087 2024-02-07 23:50:37 MainProcess-3147734 JobStatusPoller-Timer-Thread-140162395802976-140162394093312 parsl.jobs.strategy:208 _general_strategy DEBUG: Executor htex has 4 active tasks, 1/0 running/pending blocks, and 2 connected workers
1707371437.297117 2024-02-07 23:50:37 MainProcess-3147734 JobStatusPoller-Timer-Thread-140162395802976-140162394093312 parsl.jobs.strategy:253 _general_strategy DEBUG: Strategy case 2: slots are overloaded - (slot_ratio = active_slots/active_tasks) < parallelism
1707371437.297139 2024-02-07 23:50:37 MainProcess-3147734 JobStatusPoller-Timer-Thread-140162395802976-140162394093312 parsl.jobs.strategy:259 _general_strategy DEBUG: Strategy case 2a: active_blocks 1 >= max_blocks 1 so not scaling out
1707371437.297162 2024-02-07 23:50:37 MainProcess-3147734 JobStatusPoller-Timer-Thread-140162395802976-140162394093312 parsl.process_loggers:28 wrapped DEBUG: Normal ending for _general_strategy on thread JobStatusPoller-Timer-Thread-140162395802976
1707371437.715494 2024-02-07 23:50:37 MainProcess-3147734 HTEX-Queue-Management-Thread-140162264708864 parsl.executors.high_throughput.zmq_pipes:158 get DEBUG: Received ResultsIncoming message
1707371437.715663 2024-02-07 23:50:37 MainProcess-3147734 HTEX-Queue-Management-Thread-140162264708864 parsl.dataflow.dflow:551 _complete_task INFO: Task 4 completed (launched -> exec_done)
1707371437.715741 2024-02-07 23:50:37 MainProcess-3147734 HTEX-Queue-Management-Thread-140162264708864 parsl.executors.high_throughput.zmq_pipes:156 get DEBUG: Waiting for ResultsIncoming message
1707371440.990200 2024-02-07 23:50:40 MainProcess-3147734 HTEX-Queue-Management-Thread-140162264708864 parsl.executors.high_throughput.zmq_pipes:158 get DEBUG: Received ResultsIncoming message
1707371440.990273 2024-02-07 23:50:40 MainProcess-3147734 HTEX-Queue-Management-Thread-140162264708864 parsl.dataflow.dflow:551 _complete_task INFO: Task 6 completed (launched -> exec_done)
1707371440.990320 2024-02-07 23:50:40 MainProcess-3147734 HTEX-Queue-Management-Thread-140162264708864 parsl.executors.high_throughput.zmq_pipes:156 get DEBUG: Waiting for ResultsIncoming message
1707371442.296623 2024-02-07 23:50:42 MainProcess-3147734 JobStatusPoller-Timer-Thread-140162395802976-140162394093312 parsl.jobs.strategy:176 _general_strategy DEBUG: general strategy starting with strategy_type simple for 1 executors
1707371442.296860 2024-02-07 23:50:42 MainProcess-3147734 JobStatusPoller-Timer-Thread-140162395802976-140162394093312 parsl.jobs.strategy:184 _general_strategy DEBUG: Strategizing for executor htex
1707371442.296936 2024-02-07 23:50:42 MainProcess-3147734 JobStatusPoller-Timer-Thread-140162395802976-140162394093312 parsl.executors.high_throughput.zmq_pipes:57 run DEBUG: Sending command client command
1707371442.297035 2024-02-07 23:50:42 MainProcess-3147734 JobStatusPoller-Timer-Thread-140162395802976-140162394093312 parsl.executors.high_throughput.zmq_pipes:59 run DEBUG: Waiting for command client response
1707371442.297192 2024-02-07 23:50:42 MainProcess-3147734 JobStatusPoller-Timer-Thread-140162395802976-140162394093312 parsl.executors.high_throughput.zmq_pipes:61 run DEBUG: Received command client response
1707371442.297227 2024-02-07 23:50:42 MainProcess-3147734 JobStatusPoller-Timer-Thread-140162395802976-140162394093312 parsl.jobs.strategy:205 _general_strategy DEBUG: Slot ratio calculation: active_slots = 2, active_tasks = 2
1707371442.297253 2024-02-07 23:50:42 MainProcess-3147734 JobStatusPoller-Timer-Thread-140162395802976-140162394093312 parsl.executors.high_throughput.zmq_pipes:57 run DEBUG: Sending command client command
1707371442.297284 2024-02-07 23:50:42 MainProcess-3147734 JobStatusPoller-Timer-Thread-140162395802976-140162394093312 parsl.executors.high_throughput.zmq_pipes:59 run DEBUG: Waiting for command client response
1707371442.297351 2024-02-07 23:50:42 MainProcess-3147734 JobStatusPoller-Timer-Thread-140162395802976-140162394093312 parsl.executors.high_throughput.zmq_pipes:61 run DEBUG: Received command client response
1707371442.297382 2024-02-07 23:50:42 MainProcess-3147734 JobStatusPoller-Timer-Thread-140162395802976-140162394093312 parsl.executors.high_throughput.zmq_pipes:57 run DEBUG: Sending command client command
1707371442.297411 2024-02-07 23:50:42 MainProcess-3147734 JobStatusPoller-Timer-Thread-140162395802976-140162394093312 parsl.executors.high_throughput.zmq_pipes:59 run DEBUG: Waiting for command client response
1707371442.297477 2024-02-07 23:50:42 MainProcess-3147734 JobStatusPoller-Timer-Thread-140162395802976-140162394093312 parsl.executors.high_throughput.zmq_pipes:61 run DEBUG: Received command client response
1707371442.297501 2024-02-07 23:50:42 MainProcess-3147734 JobStatusPoller-Timer-Thread-140162395802976-140162394093312 parsl.jobs.strategy:208 _general_strategy DEBUG: Executor htex has 2 active tasks, 1/0 running/pending blocks, and 2 connected workers
1707371442.297536 2024-02-07 23:50:42 MainProcess-3147734 JobStatusPoller-Timer-Thread-140162395802976-140162394093312 parsl.jobs.strategy:301 _general_strategy DEBUG: Strategy case 3: no changes necessary to current block load
1707371442.297561 2024-02-07 23:50:42 MainProcess-3147734 JobStatusPoller-Timer-Thread-140162395802976-140162394093312 parsl.process_loggers:28 wrapped DEBUG: Normal ending for _general_strategy on thread JobStatusPoller-Timer-Thread-140162395802976
1707371443.355370 2024-02-07 23:50:43 MainProcess-3147734 HTEX-Queue-Management-Thread-140162264708864 parsl.executors.high_throughput.zmq_pipes:158 get DEBUG: Received ResultsIncoming message
1707371443.355598 2024-02-07 23:50:43 MainProcess-3147734 HTEX-Queue-Management-Thread-140162264708864 parsl.dataflow.dflow:551 _complete_task INFO: Task 7 completed (launched -> exec_done)
1707371443.355718 2024-02-07 23:50:43 MainProcess-3147734 HTEX-Queue-Management-Thread-140162264708864 parsl.executors.high_throughput.zmq_pipes:156 get DEBUG: Waiting for ResultsIncoming message
1707371445.171946 2024-02-07 23:50:45 MainProcess-3147734 HTEX-Queue-Management-Thread-140162264708864 parsl.executors.high_throughput.zmq_pipes:158 get DEBUG: Received ResultsIncoming message
1707371445.172014 2024-02-07 23:50:45 MainProcess-3147734 HTEX-Queue-Management-Thread-140162264708864 parsl.dataflow.dflow:551 _complete_task INFO: Task 8 completed (launched -> exec_done)
1707371445.172057 2024-02-07 23:50:45 MainProcess-3147734 HTEX-Queue-Management-Thread-140162264708864 parsl.executors.high_throughput.zmq_pipes:156 get DEBUG: Waiting for ResultsIncoming message
1707371445.172173 2024-02-07 23:50:45 MainProcess-3147734 MainThread-140167926452608 parsl.dataflow.dflow:1172 wait_for_current_tasks INFO: All remaining tasks completed
1707371445.172412 2024-02-07 23:50:45 MainProcess-3147734 MainThread-140167926452608 parsl.dataflow.dflow:1182 cleanup INFO: DFK cleanup initiated
1707371445.172448 2024-02-07 23:50:45 MainProcess-3147734 MainThread-140167926452608 parsl.dataflow.dflow:1075 log_task_states INFO: Summary of tasks in DFK:
1707371445.172536 2024-02-07 23:50:45 MainProcess-3147734 MainThread-140167926452608 parsl.dataflow.dflow:1079 log_task_states INFO: Tasks in state States.unsched: 0
1707371445.172564 2024-02-07 23:50:45 MainProcess-3147734 MainThread-140167926452608 parsl.dataflow.dflow:1079 log_task_states INFO: Tasks in state States.pending: 0
1707371445.172588 2024-02-07 23:50:45 MainProcess-3147734 MainThread-140167926452608 parsl.dataflow.dflow:1079 log_task_states INFO: Tasks in state States.running: 0
1707371445.172610 2024-02-07 23:50:45 MainProcess-3147734 MainThread-140167926452608 parsl.dataflow.dflow:1079 log_task_states INFO: Tasks in state States.exec_done: 9
1707371445.172637 2024-02-07 23:50:45 MainProcess-3147734 MainThread-140167926452608 parsl.dataflow.dflow:1079 log_task_states INFO: Tasks in state States.failed: 0
1707371445.172659 2024-02-07 23:50:45 MainProcess-3147734 MainThread-140167926452608 parsl.dataflow.dflow:1079 log_task_states INFO: Tasks in state States.dep_fail: 0
1707371445.172687 2024-02-07 23:50:45 MainProcess-3147734 MainThread-140167926452608 parsl.dataflow.dflow:1079 log_task_states INFO: Tasks in state States.launched: 0
1707371445.172709 2024-02-07 23:50:45 MainProcess-3147734 MainThread-140167926452608 parsl.dataflow.dflow:1079 log_task_states INFO: Tasks in state States.fail_retryable: 0
1707371445.172730 2024-02-07 23:50:45 MainProcess-3147734 MainThread-140167926452608 parsl.dataflow.dflow:1079 log_task_states INFO: Tasks in state States.memo_done: 0
1707371445.172751 2024-02-07 23:50:45 MainProcess-3147734 MainThread-140167926452608 parsl.dataflow.dflow:1079 log_task_states INFO: Tasks in state States.joining: 0
1707371445.172773 2024-02-07 23:50:45 MainProcess-3147734 MainThread-140167926452608 parsl.dataflow.dflow:1079 log_task_states INFO: Tasks in state States.running_ended: 0
1707371445.172793 2024-02-07 23:50:45 MainProcess-3147734 MainThread-140167926452608 parsl.dataflow.dflow:1081 log_task_states INFO: End of summary
1707371445.172957 2024-02-07 23:50:45 MainProcess-3147734 MainThread-140167926452608 parsl.dataflow.dflow:1206 cleanup INFO: Closing job status poller
1707371445.173104 2024-02-07 23:50:45 MainProcess-3147734 MainThread-140167926452608 parsl.dataflow.dflow:1208 cleanup INFO: Terminated job status poller
1707371445.173145 2024-02-07 23:50:45 MainProcess-3147734 MainThread-140167926452608 parsl.dataflow.dflow:1210 cleanup INFO: Scaling in and shutting down executors
1707371445.173184 2024-02-07 23:50:45 MainProcess-3147734 MainThread-140167926452608 parsl.dataflow.dflow:1215 cleanup INFO: Scaling in executor htex
1707371445.173227 2024-02-07 23:50:45 MainProcess-3147734 MainThread-140167926452608 parsl.executors.high_throughput.executor:637 scale_in DEBUG: Scale in called, blocks=1, block_ids=[]
1707371445.173270 2024-02-07 23:50:45 MainProcess-3147734 MainThread-140167926452608 parsl.executors.high_throughput.zmq_pipes:57 run DEBUG: Sending command client command
1707371445.173346 2024-02-07 23:50:45 MainProcess-3147734 MainThread-140167926452608 parsl.executors.high_throughput.zmq_pipes:59 run DEBUG: Waiting for command client response
1707371445.173543 2024-02-07 23:50:45 MainProcess-3147734 MainThread-140167926452608 parsl.executors.high_throughput.zmq_pipes:61 run DEBUG: Received command client response
1707371445.173591 2024-02-07 23:50:45 MainProcess-3147734 MainThread-140167926452608 parsl.executors.high_throughput.executor:653 scale_in DEBUG: Scale in selecting from 1 blocks
1707371445.173619 2024-02-07 23:50:45 MainProcess-3147734 MainThread-140167926452608 parsl.executors.high_throughput.zmq_pipes:57 run DEBUG: Sending command client command
1707371445.173648 2024-02-07 23:50:45 MainProcess-3147734 MainThread-140167926452608 parsl.executors.high_throughput.zmq_pipes:59 run DEBUG: Waiting for command client response
1707371445.180961 2024-02-07 23:50:45 MainProcess-3147734 MainThread-140167926452608 parsl.executors.high_throughput.zmq_pipes:61 run DEBUG: Received command client response
1707371445.181092 2024-02-07 23:50:45 MainProcess-3147734 MainThread-140167926452608 parsl.executors.high_throughput.executor:530 _hold_block DEBUG: Sending hold to manager: 72ed0f71286b
1707371445.181141 2024-02-07 23:50:45 MainProcess-3147734 MainThread-140167926452608 parsl.executors.high_throughput.zmq_pipes:57 run DEBUG: Sending command client command
1707371445.181204 2024-02-07 23:50:45 MainProcess-3147734 MainThread-140167926452608 parsl.executors.high_throughput.zmq_pipes:59 run DEBUG: Waiting for command client response
1707371445.181698 2024-02-07 23:50:45 MainProcess-3147734 MainThread-140167926452608 parsl.executors.high_throughput.zmq_pipes:61 run DEBUG: Received command client response
1707371445.181725 2024-02-07 23:50:45 MainProcess-3147734 MainThread-140167926452608 parsl.executors.high_throughput.executor:497 hold_worker DEBUG: Sent hold request to manager: 72ed0f71286b
1707371445.181787 2024-02-07 23:50:45 MainProcess-3147734 MainThread-140167926452608 parsl.providers.local.local:269 cancel DEBUG: Terminating job/proc_id: 3147843
1707371445.330729 2024-02-07 23:50:45 MainProcess-3147734 MainThread-140167926452608 parsl.dataflow.dflow:1228 cleanup INFO: Shutting down executor htex
1707371445.331053 2024-02-07 23:50:45 MainProcess-3147734 MainThread-140167926452608 parsl.executors.high_throughput.executor:700 shutdown INFO: Attempting HighThroughputExecutor shutdown
1707371445.331151 2024-02-07 23:50:45 MainProcess-3147734 MainThread-140167926452608 parsl.executors.high_throughput.executor:702 shutdown INFO: Finished HighThroughputExecutor shutdown attempt
1707371445.331179 2024-02-07 23:50:45 MainProcess-3147734 MainThread-140167926452608 parsl.dataflow.dflow:1230 cleanup INFO: Shut down executor htex
1707371445.331222 2024-02-07 23:50:45 MainProcess-3147734 MainThread-140167926452608 parsl.dataflow.dflow:1228 cleanup INFO: Shutting down executor _parsl_internal
1707371445.331261 2024-02-07 23:50:45 MainProcess-3147734 MainThread-140167926452608 parsl.executors.threads:74 shutdown DEBUG: Shutting down executor, which involves waiting for running tasks to complete
1707371445.331312 2024-02-07 23:50:45 MainProcess-3147734 MainThread-140167926452608 parsl.executors.threads:76 shutdown DEBUG: Done with executor shutdown
1707371445.331515 2024-02-07 23:50:45 MainProcess-3147734 MainThread-140167926452608 parsl.dataflow.dflow:1230 cleanup INFO: Shut down executor _parsl_internal
1707371445.331537 2024-02-07 23:50:45 MainProcess-3147734 MainThread-140167926452608 parsl.dataflow.dflow:1232 cleanup INFO: Terminated executors
1707371445.331573 2024-02-07 23:50:45 MainProcess-3147734 MainThread-140167926452608 parsl.dataflow.dflow:1249 cleanup INFO: DFK cleanup complete
1707371445.331606 2024-02-07 23:50:45 MainProcess-3147734 MainThread-140167926452608 parsl.process_loggers:28 wrapped DEBUG: Normal ending for cleanup on thread MainThread
1707371445.331800 2024-02-07 23:50:45 MainProcess-3147734 MainThread-140167926452608 parsl.dataflow.dflow:1148 atexit_cleanup INFO: python process is exiting, but DFK has already been cleaned up
